<?xml version="1.0" encoding="UTF-8"?>
<!-- Generated by org.testng.reporters.JUnitReportReporter -->
<testsuite hostname="DESKTOP-M1237OQ" failures="0" tests="1" name="com.tests.LoginTest" time="0.018" errors="0" timestamp="2022-12-19T22:52:49 IST" skipped="0">
  <testcase classname="com.tests.LoginTest" name="test1" time="0.018"/>
  <system-out/>
</testsuite> <!-- com.tests.LoginTest -->
