<?xml version="1.0" encoding="UTF-8"?>
<!-- Generated by org.testng.reporters.JUnitReportReporter -->
<testsuite hostname="DESKTOP-M1237OQ" failures="0" tests="1" name="propertiesFiles.MercuryRegister" time="9.392" errors="0" timestamp="2022-10-12T13:59:49 IST" skipped="0">
  <testcase classname="propertiesFiles.MercuryRegister" name="registerPage" time="9.392"/>
  <system-out/>
</testsuite> <!-- propertiesFiles.MercuryRegister -->
