<?xml version="1.0" encoding="UTF-8"?>
<!-- Generated by org.testng.reporters.JUnitReportReporter -->
<testsuite hostname="DESKTOP-M1237OQ" failures="0" tests="1" name="propertiesFiles.propertiesFileDemo" time="4.783" errors="0" timestamp="2022-10-07T14:53:49 IST" skipped="0">
  <testcase classname="propertiesFiles.propertiesFileDemo" name="loginCheck" time="4.783"/>
  <system-out/>
</testsuite> <!-- propertiesFiles.propertiesFileDemo -->
